22:00:15 04/23/11 caller [info] #####TRANSACTION#####
22:00:15 04/23/11 caller [info] request: {"CancelPreapprovalRequest":{"requestEnvelope":{"errorLanguage":"es_ES"}}}
22:00:17 04/23/11 caller [info] response: {"responseEnvelope":{"timestamp":"2011-04-23T13:00:06.900-07:00","ack":"Failure","correlationId":"6c80c358530a7","build":"1846084"},"error":[{"errorId":"580022","domain":"PLATFORM","subdomain":"Application","severity":"Error","category":"Application","message":"Invalid request parameter: preapprovalKey cannot be null","parameter":["preapprovalKey","null"]}]}
22:25:14 04/23/11 caller [info] #####TRANSACTION#####
22:25:14 04/23/11 caller [info] request: {"PayRequest":{"requestEnvelope":{"errorLanguage":"es_ES"},"clientDetails":{"ipAddress":"127.0.0.1","deviceId":"goteo.org","applicationId":"APP-80W284485P519543T"},"actionType":"PAY","cancelUrl":"http:\/\/devgoteo.org\/cron\/charge_fail\/21","currencyCode":"EUR","receiverList":{"receiver":{"amount":"100","email":"goteo_1302553021_biz@gmail.com"}},"returnUrl":"http:\/\/devgoteo.org\/cron\/charge_success\/21"}}
22:25:15 04/23/11 caller [info] response: {"responseEnvelope":{"timestamp":"2011-04-23T13:25:04.963-07:00","ack":"Success","correlationId":"edb1aa90c0d11","build":"1846084"},"payKey":"AP-2DA428167V9335432","paymentExecStatus":"CREATED"}
22:25:16 04/23/11 caller [info] #####TRANSACTION#####
22:25:16 04/23/11 caller [info] request: {"PayRequest":{"requestEnvelope":{"errorLanguage":"es_ES"},"clientDetails":{"ipAddress":"127.0.0.1","deviceId":"goteo.org","applicationId":"APP-80W284485P519543T"},"actionType":"PAY","cancelUrl":"http:\/\/devgoteo.org\/cron\/charge_fail\/23","currencyCode":"EUR","receiverList":{"receiver":{"amount":"5","email":"goteo_1302553021_biz@gmail.com"}},"returnUrl":"http:\/\/devgoteo.org\/cron\/charge_success\/23"}}
22:25:17 04/23/11 caller [info] response: {"responseEnvelope":{"timestamp":"2011-04-23T13:25:06.716-07:00","ack":"Success","correlationId":"0ee492e3c11ca","build":"1846084"},"payKey":"AP-6H755339DV137363D","paymentExecStatus":"CREATED"}
22:25:17 04/23/11 caller [info] #####TRANSACTION#####
22:25:17 04/23/11 caller [info] request: {"PayRequest":{"requestEnvelope":{"errorLanguage":"es_ES"},"clientDetails":{"ipAddress":"127.0.0.1","deviceId":"goteo.org","applicationId":"APP-80W284485P519543T"},"actionType":"PAY","cancelUrl":"http:\/\/devgoteo.org\/cron\/charge_fail\/19","currencyCode":"EUR","receiverList":{"receiver":{"amount":"10","email":"goteo_1302553021_biz@gmail.com"}},"returnUrl":"http:\/\/devgoteo.org\/cron\/charge_success\/19"}}
22:25:18 04/23/11 caller [info] response: {"responseEnvelope":{"timestamp":"2011-04-23T13:25:07.858-07:00","ack":"Success","correlationId":"4c8a3d55c189f","build":"1846084"},"payKey":"AP-0TP09291N5606015Y","paymentExecStatus":"CREATED"}
22:25:18 04/23/11 caller [info] #####TRANSACTION#####
22:25:18 04/23/11 caller [info] request: {"PayRequest":{"requestEnvelope":{"errorLanguage":"es_ES"},"clientDetails":{"ipAddress":"127.0.0.1","deviceId":"goteo.org","applicationId":"APP-80W284485P519543T"},"actionType":"PAY","cancelUrl":"http:\/\/devgoteo.org\/cron\/charge_fail\/24","currencyCode":"EUR","receiverList":{"receiver":{"amount":"50","email":"goteo_1302553021_biz@gmail.com"}},"returnUrl":"http:\/\/devgoteo.org\/cron\/charge_success\/24"}}
22:25:19 04/23/11 caller [info] response: {"responseEnvelope":{"timestamp":"2011-04-23T13:25:09.124-07:00","ack":"Success","correlationId":"96f7b9e7c1ce9","build":"1846084"},"payKey":"AP-7YH40363UD929803B","paymentExecStatus":"CREATED"}
22:25:28 04/23/11 caller [info] #####TRANSACTION#####
22:25:28 04/23/11 caller [info] request: {"PreapprovalDetailsRequest":{"requestEnvelope":{"errorLanguage":"es_ES"},"preapprovalKey":"PA-7UK85779DP0678238"}}
22:25:29 04/23/11 caller [info] response: {"responseEnvelope":{"timestamp":"2011-04-23T13:25:18.998-07:00","ack":"Success","correlationId":"71b80630c4480","build":"1846084"},"approved":"true","cancelUrl":"http:\/\/devgoteo.org\/invest\/fail\/church-project-eko-one\/21","curPayments":"0","curPaymentsAmount":"0.00","curPeriodAttempts":"0","currencyCode":"EUR","dateOfMonth":"0","dayOfWeek":"NO_DAY_SPECIFIED","endingDate":"2011-06-01T23:59:21.000-07:00","maxNumberOfPayments":"1","maxTotalAmountOfAllPayments":"100.00","paymentPeriod":"NO_PERIOD_SPECIFIED","pinType":"NOT_REQUIRED","returnUrl":"http:\/\/devgoteo.org\/invest\/confirmed\/church-project-eko-one","senderEmail":"julian_1302552287_per@gmail.com","startingDate":"2011-04-22T00:00:21.000-07:00","status":"ACTIVE","feesPayer":"SENDER","displayMaxTotalAmount":"false"}
22:25:29 04/23/11 caller [info] #####TRANSACTION#####
22:25:29 04/23/11 caller [info] request: {"PaymentDetailsRequest":{"requestEnvelope":{"errorLanguage":"es_ES"},"payKey":"AP-2DA428167V9335432"}}
22:25:30 04/23/11 caller [info] response: {"responseEnvelope":{"timestamp":"2011-04-23T13:25:20.016-07:00","ack":"Success","correlationId":"2aacc913c47f0","build":"1846084"},"cancelUrl":"http:\/\/devgoteo.org\/cron\/charge_fail\/21","currencyCode":"EUR","paymentInfoList":{"paymentInfo":[{"receiver":{"amount":"100.00","email":"goteo_1302553021_biz@gmail.com","primary":"false","paymentType":"SERVICE"},"pendingRefund":"false"}]},"returnUrl":"http:\/\/devgoteo.org\/cron\/charge_success\/21","status":"CREATED","payKey":"AP-2DA428167V9335432","actionType":"PAY","feesPayer":"EACHRECEIVER","reverseAllParallelPaymentsOnError":"false","sender":{"useCredentials":"false"}}
22:25:30 04/23/11 caller [info] #####TRANSACTION#####
22:25:30 04/23/11 caller [info] request: {"PreapprovalDetailsRequest":{"requestEnvelope":{"errorLanguage":"es_ES"},"preapprovalKey":"PA-92E49080XD5452005"}}
22:25:31 04/23/11 caller [info] response: {"responseEnvelope":{"timestamp":"2011-04-23T13:25:21.002-07:00","ack":"Success","correlationId":"cbc03f6fc4c65","build":"1846084"},"approved":"true","cancelUrl":"http:\/\/devgoteo.org\/invest\/fail\/07df45930e6021231194818767546459\/23","curPayments":"0","curPaymentsAmount":"0.00","curPeriodAttempts":"0","currencyCode":"EUR","dateOfMonth":"0","dayOfWeek":"NO_DAY_SPECIFIED","endingDate":"2011-06-01T23:59:15.000-07:00","maxNumberOfPayments":"1","maxTotalAmountOfAllPayments":"5.00","paymentPeriod":"NO_PERIOD_SPECIFIED","pinType":"NOT_REQUIRED","returnUrl":"http:\/\/devgoteo.org\/invest\/confirmed\/07df45930e6021231194818767546459","senderEmail":"julian_1302552287_per@gmail.com","startingDate":"2011-04-22T00:00:15.000-07:00","status":"ACTIVE","feesPayer":"SENDER","displayMaxTotalAmount":"false"}
22:25:31 04/23/11 caller [info] #####TRANSACTION#####
22:25:31 04/23/11 caller [info] request: {"PaymentDetailsRequest":{"requestEnvelope":{"errorLanguage":"es_ES"},"payKey":"AP-6H755339DV137363D"}}
22:25:32 04/23/11 caller [info] response: {"responseEnvelope":{"timestamp":"2011-04-23T13:25:22.022-07:00","ack":"Success","correlationId":"b7c8e96ec4fcb","build":"1846084"},"cancelUrl":"http:\/\/devgoteo.org\/cron\/charge_fail\/23","currencyCode":"EUR","paymentInfoList":{"paymentInfo":[{"receiver":{"amount":"5.00","email":"goteo_1302553021_biz@gmail.com","primary":"false","paymentType":"SERVICE"},"pendingRefund":"false"}]},"returnUrl":"http:\/\/devgoteo.org\/cron\/charge_success\/23","status":"CREATED","payKey":"AP-6H755339DV137363D","actionType":"PAY","feesPayer":"EACHRECEIVER","reverseAllParallelPaymentsOnError":"false","sender":{"useCredentials":"false"}}
22:25:32 04/23/11 caller [info] #####TRANSACTION#####
22:25:32 04/23/11 caller [info] request: {"PreapprovalDetailsRequest":{"requestEnvelope":{"errorLanguage":"es_ES"},"preapprovalKey":"PA-4WC39154F48477942"}}
22:25:34 04/23/11 caller [info] response: {"responseEnvelope":{"timestamp":"2011-04-23T13:25:23.493-07:00","ack":"Success","correlationId":"df4f9314c5438","build":"1846084"},"approved":"true","cancelUrl":"http:\/\/devgoteo.org\/invest\/fail\/07df45930e6021231194818767546459\/19","curPayments":"0","curPaymentsAmount":"0.00","curPeriodAttempts":"0","currencyCode":"EUR","dateOfMonth":"0","dayOfWeek":"NO_DAY_SPECIFIED","endingDate":"2011-06-01T23:59:22.000-07:00","maxNumberOfPayments":"1","maxTotalAmountOfAllPayments":"10.00","paymentPeriod":"NO_PERIOD_SPECIFIED","pinType":"NOT_REQUIRED","returnUrl":"http:\/\/devgoteo.org\/invest\/confirmed\/07df45930e6021231194818767546459","senderEmail":"julian_1302552287_per@gmail.com","startingDate":"2011-04-22T00:00:22.000-07:00","status":"ACTIVE","feesPayer":"SENDER","displayMaxTotalAmount":"false"}
22:25:34 04/23/11 caller [info] #####TRANSACTION#####
22:25:34 04/23/11 caller [info] request: {"PaymentDetailsRequest":{"requestEnvelope":{"errorLanguage":"es_ES"},"payKey":"AP-0TP09291N5606015Y"}}
22:25:35 04/23/11 caller [info] response: {"responseEnvelope":{"timestamp":"2011-04-23T13:25:24.532-07:00","ack":"Success","correlationId":"ee2ca60bc5990","build":"1846084"},"cancelUrl":"http:\/\/devgoteo.org\/cron\/charge_fail\/19","currencyCode":"EUR","paymentInfoList":{"paymentInfo":[{"receiver":{"amount":"10.00","email":"goteo_1302553021_biz@gmail.com","primary":"false","paymentType":"SERVICE"},"pendingRefund":"false"}]},"returnUrl":"http:\/\/devgoteo.org\/cron\/charge_success\/19","status":"CREATED","payKey":"AP-0TP09291N5606015Y","actionType":"PAY","feesPayer":"EACHRECEIVER","reverseAllParallelPaymentsOnError":"false","sender":{"useCredentials":"false"}}
22:25:35 04/23/11 caller [info] #####TRANSACTION#####
22:25:35 04/23/11 caller [info] request: {"PreapprovalDetailsRequest":{"requestEnvelope":{"errorLanguage":"es_ES"},"preapprovalKey":"PA-5C866298B59104458"}}
22:25:36 04/23/11 caller [info] response: {"responseEnvelope":{"timestamp":"2011-04-23T13:25:25.520-07:00","ack":"Success","correlationId":"801da405c5e0f","build":"1846084"},"approved":"true","cancelUrl":"http:\/\/devgoteo.org\/invest\/fail\/07df45930e6021231194818767546459\/24","curPayments":"0","curPaymentsAmount":"0.00","curPeriodAttempts":"0","currencyCode":"EUR","dateOfMonth":"0","dayOfWeek":"NO_DAY_SPECIFIED","endingDate":"2011-06-01T23:59:35.000-07:00","maxNumberOfPayments":"1","maxTotalAmountOfAllPayments":"50.00","paymentPeriod":"NO_PERIOD_SPECIFIED","pinType":"NOT_REQUIRED","returnUrl":"http:\/\/devgoteo.org\/invest\/confirmed\/07df45930e6021231194818767546459","senderEmail":"julian_1302552287_per@gmail.com","startingDate":"2011-04-22T00:00:35.000-07:00","status":"ACTIVE","feesPayer":"SENDER","displayMaxTotalAmount":"false"}
22:25:36 04/23/11 caller [info] #####TRANSACTION#####
22:25:36 04/23/11 caller [info] request: {"PaymentDetailsRequest":{"requestEnvelope":{"errorLanguage":"es_ES"},"payKey":"AP-7YH40363UD929803B"}}
22:25:37 04/23/11 caller [info] response: {"responseEnvelope":{"timestamp":"2011-04-23T13:25:26.547-07:00","ack":"Success","correlationId":"eb9f7befc6174","build":"1846084"},"cancelUrl":"http:\/\/devgoteo.org\/cron\/charge_fail\/24","currencyCode":"EUR","paymentInfoList":{"paymentInfo":[{"receiver":{"amount":"50.00","email":"goteo_1302553021_biz@gmail.com","primary":"false","paymentType":"SERVICE"},"pendingRefund":"false"}]},"returnUrl":"http:\/\/devgoteo.org\/cron\/charge_success\/24","status":"CREATED","payKey":"AP-7YH40363UD929803B","actionType":"PAY","feesPayer":"EACHRECEIVER","reverseAllParallelPaymentsOnError":"false","sender":{"useCredentials":"false"}}
22:30:57 04/23/11 caller [info] #####TRANSACTION#####
22:30:57 04/23/11 caller [info] request: {"PaymentDetailsRequest":{"requestEnvelope":{"errorLanguage":"es_ES"},"payKey":"AP-2DA428167V9335432"}}
22:30:59 04/23/11 caller [info] response: {"responseEnvelope":{"timestamp":"2011-04-23T13:30:48.113-07:00","ack":"Success","correlationId":"1178ec9614a24","build":"1846084"},"cancelUrl":"http:\/\/devgoteo.org\/cron\/charge_fail\/21","currencyCode":"EUR","paymentInfoList":{"paymentInfo":[{"receiver":{"amount":"100.00","email":"goteo_1302553021_biz@gmail.com","primary":"false","paymentType":"SERVICE"},"pendingRefund":"false"}]},"returnUrl":"http:\/\/devgoteo.org\/cron\/charge_success\/21","status":"CREATED","payKey":"AP-2DA428167V9335432","actionType":"PAY","feesPayer":"EACHRECEIVER","reverseAllParallelPaymentsOnError":"false","sender":{"useCredentials":"false"}}
22:30:59 04/23/11 caller [info] #####TRANSACTION#####
22:30:59 04/23/11 caller [info] request: {"PaymentDetailsRequest":{"requestEnvelope":{"errorLanguage":"es_ES"},"payKey":"AP-6H755339DV137363D"}}
22:31:00 04/23/11 caller [info] response: {"responseEnvelope":{"timestamp":"2011-04-23T13:30:49.178-07:00","ack":"Success","correlationId":"9ef5129414dba","build":"1846084"},"cancelUrl":"http:\/\/devgoteo.org\/cron\/charge_fail\/23","currencyCode":"EUR","paymentInfoList":{"paymentInfo":[{"receiver":{"amount":"5.00","email":"goteo_1302553021_biz@gmail.com","primary":"false","paymentType":"SERVICE"},"pendingRefund":"false"}]},"returnUrl":"http:\/\/devgoteo.org\/cron\/charge_success\/23","status":"CREATED","payKey":"AP-6H755339DV137363D","actionType":"PAY","feesPayer":"EACHRECEIVER","reverseAllParallelPaymentsOnError":"false","sender":{"useCredentials":"false"}}
22:31:00 04/23/11 caller [info] #####TRANSACTION#####
22:31:00 04/23/11 caller [info] request: {"PaymentDetailsRequest":{"requestEnvelope":{"errorLanguage":"es_ES"},"payKey":"AP-0TP09291N5606015Y"}}
22:31:01 04/23/11 caller [info] response: {"responseEnvelope":{"timestamp":"2011-04-23T13:30:50.274-07:00","ack":"Success","correlationId":"9d6a371c15259","build":"1846084"},"cancelUrl":"http:\/\/devgoteo.org\/cron\/charge_fail\/19","currencyCode":"EUR","paymentInfoList":{"paymentInfo":[{"receiver":{"amount":"10.00","email":"goteo_1302553021_biz@gmail.com","primary":"false","paymentType":"SERVICE"},"pendingRefund":"false"}]},"returnUrl":"http:\/\/devgoteo.org\/cron\/charge_success\/19","status":"CREATED","payKey":"AP-0TP09291N5606015Y","actionType":"PAY","feesPayer":"EACHRECEIVER","reverseAllParallelPaymentsOnError":"false","sender":{"useCredentials":"false"}}
22:31:01 04/23/11 caller [info] #####TRANSACTION#####
22:31:01 04/23/11 caller [info] request: {"PaymentDetailsRequest":{"requestEnvelope":{"errorLanguage":"es_ES"},"payKey":"AP-7YH40363UD929803B"}}
22:31:02 04/23/11 caller [info] response: {"responseEnvelope":{"timestamp":"2011-04-23T13:30:51.300-07:00","ack":"Success","correlationId":"215d642015634","build":"1846084"},"cancelUrl":"http:\/\/devgoteo.org\/cron\/charge_fail\/24","currencyCode":"EUR","paymentInfoList":{"paymentInfo":[{"receiver":{"amount":"50.00","email":"goteo_1302553021_biz@gmail.com","primary":"false","paymentType":"SERVICE"},"pendingRefund":"false"}]},"returnUrl":"http:\/\/devgoteo.org\/cron\/charge_success\/24","status":"CREATED","payKey":"AP-7YH40363UD929803B","actionType":"PAY","feesPayer":"EACHRECEIVER","reverseAllParallelPaymentsOnError":"false","sender":{"useCredentials":"false"}}
22:46:21 04/23/11 caller [info] #####TRANSACTION#####
22:46:21 04/23/11 caller [info] request: {"PreapprovalRequest":{"requestEnvelope":{"errorLanguage":"es_ES"},"clientDetails":{"ipAddress":"127.0.0.1","deviceId":"goteo.org","applicationId":"APP-80W284485P519543T","customerId":"root"},"cancelUrl":"http:\/\/devgoteo.org\/invest\/fail\/church-project-eko-one\/1","currencyCode":"EUR","endingDate":"2011-06-02","maxNumberOfPayments":1,"maxTotalAmountOfAllPayments":"100","returnUrl":"http:\/\/devgoteo.org\/invest\/confirmed\/church-project-eko-one","senderEmail":"julian_1302552287_per@gmail.com","startingDate":"2011-04-23","feesPayer":"SENDER"}}
22:46:22 04/23/11 caller [info] response: {"responseEnvelope":{"timestamp":"2011-04-23T13:46:11.063-07:00","ack":"Success","correlationId":"288ef37df5faa","build":"1846084"},"preapprovalKey":"PA-1T32998607956153W"}
22:47:00 04/23/11 caller [info] #####TRANSACTION#####
22:47:00 04/23/11 caller [info] request: {"PreapprovalDetailsRequest":{"requestEnvelope":{"errorLanguage":"es_ES"},"preapprovalKey":"PA-1T32998607956153W"}}
22:47:01 04/23/11 caller [info] response: {"responseEnvelope":{"timestamp":"2011-04-23T13:46:49.932-07:00","ack":"Success","correlationId":"73abb589ff7fd","build":"1846084"},"approved":"true","cancelUrl":"http:\/\/devgoteo.org\/invest\/fail\/church-project-eko-one\/1","curPayments":"0","curPaymentsAmount":"0.00","curPeriodAttempts":"0","currencyCode":"EUR","dateOfMonth":"0","dayOfWeek":"NO_DAY_SPECIFIED","endingDate":"2011-06-02T23:59:10.000-07:00","maxNumberOfPayments":"1","maxTotalAmountOfAllPayments":"100.00","paymentPeriod":"NO_PERIOD_SPECIFIED","pinType":"NOT_REQUIRED","returnUrl":"http:\/\/devgoteo.org\/invest\/confirmed\/church-project-eko-one","senderEmail":"julian_1302552287_per@gmail.com","startingDate":"2011-04-23T00:00:10.000-07:00","status":"ACTIVE","feesPayer":"SENDER","displayMaxTotalAmount":"false"}
22:47:01 04/23/11 caller [info] #####TRANSACTION#####
22:47:01 04/23/11 caller [info] request: {"PayRequest":{"requestEnvelope":{"errorLanguage":"es_ES"},"clientDetails":{"ipAddress":"127.0.0.1","deviceId":"goteo.org","applicationId":"APP-80W284485P519543T","customerId":"root"},"actionType":"PAY","cancelUrl":"http:\/\/devgoteo.org\/cron\/charge_fail\/1","currencyCode":"EUR","memo":"Ejecuci\u00f3n del aporte de 100 EUR al proyecto church-project-eko-one en la plataforma Goteo","receiverList":{"receiver":{"amount":"100","email":"goteo_1302553021_biz@gmail.com"}},"senderEmail":"julian_1302552287_per@gmail.com","returnUrl":"http:\/\/devgoteo.org\/cron\/charge_success\/1"}}
22:47:02 04/23/11 caller [info] response: {"responseEnvelope":{"timestamp":"2011-04-23T13:46:51.089-07:00","ack":"Success","correlationId":"bc7b38deffb9b","build":"1846084"},"payKey":"AP-8NU712904F430384S","paymentExecStatus":"CREATED"}
22:47:51 04/23/11 caller [info] #####TRANSACTION#####
22:47:51 04/23/11 caller [info] request: {"PaymentDetailsRequest":{"requestEnvelope":{"errorLanguage":"es_ES"},"payKey":"AP-8NU712904F430384S"}}
22:47:52 04/23/11 caller [info] response: {"responseEnvelope":{"timestamp":"2011-04-23T13:47:40.833-07:00","ack":"Success","correlationId":"8e06f5b10be56","build":"1846084"},"cancelUrl":"http:\/\/devgoteo.org\/cron\/charge_fail\/1","currencyCode":"EUR","memo":"Ejecución del aporte de 100 EUR al proyecto church-project-eko-one en la plataforma Goteo","paymentInfoList":{"paymentInfo":[{"receiver":{"amount":"100.00","email":"goteo_1302553021_biz@gmail.com","primary":"false","paymentType":"SERVICE"},"pendingRefund":"false"}]},"returnUrl":"http:\/\/devgoteo.org\/cron\/charge_success\/1","senderEmail":"julian_1302552287_per@gmail.com","status":"CREATED","payKey":"AP-8NU712904F430384S","actionType":"PAY","feesPayer":"EACHRECEIVER","reverseAllParallelPaymentsOnError":"false","sender":{"email":"julian_1302552287_per@gmail.com","useCredentials":"false"}}
